<?xml version="1.0" encoding="UTF-8"?>
<testng-results ignored="0" total="1" passed="1" failed="0" skipped="0">
  <reporter-output>
  </reporter-output>
  <suite started-at="2024-02-09T09:29:59 IST" name="Default suite" finished-at="2024-02-09T09:30:03 IST" duration-ms="4476">
    <groups>
    </groups>
    <test started-at="2024-02-09T09:29:59 IST" name="Default test" finished-at="2024-02-09T09:30:03 IST" duration-ms="4476">
      <class name="Authorization.WeatherAPI">
        <test-method signature="test01()[pri:0, instance:Authorization.WeatherAPI@66f57048]" started-at="2024-02-09T09:29:59 IST" name="test01" finished-at="2024-02-09T09:30:03 IST" duration-ms="4301" status="PASS">
          <reporter-output>
          </reporter-output>
        </test-method> <!-- test01 -->
      </class> <!-- Authorization.WeatherAPI -->
    </test> <!-- Default test -->
  </suite> <!-- Default suite -->
</testng-results>
